This is pdfTeX, Version 3.1415926-2.4-1.40.13 (MiKTeX 2.9 64-bit) (preloaded format=pdflatex 2013.7.21)  9 JUN 2014 17:30
entering extended mode
**Slava_masters.tex
(C:\Users\Liberte\Dropbox\Slava\Masters\latex_version\Slava_masters.tex
LaTeX2e <2011/06/27>
Babel <v3.8m> and hyphenation patterns for english, afrikaans, ancientgreek, ar
abic, armenian, assamese, basque, bengali, bokmal, bulgarian, catalan, coptic, 
croatian, czech, danish, dutch, esperanto, estonian, farsi, finnish, french, ga
lician, german, german-x-2012-05-30, greek, gujarati, hindi, hungarian, iceland
ic, indonesian, interlingua, irish, italian, kannada, kurmanji, latin, latvian,
 lithuanian, malayalam, marathi, mongolian, mongolianlmc, monogreek, ngerman, n
german-x-2012-05-30, nynorsk, oriya, panjabi, pinyin, polish, portuguese, roman
ian, russian, sanskrit, serbian, slovak, slovenian, spanish, swedish, swissgerm
an, tamil, telugu, turkish, turkmen, ukenglish, ukrainian, uppersorbian, usengl
ishmax, welsh, loaded.
("C:\Program Files\MiKTeX 2.9\tex\latex\base\article.cls"
Document Class: article 2007/10/19 v1.4h Standard LaTeX document class
("C:\Program Files\MiKTeX 2.9\tex\latex\base\size12.clo"
File: size12.clo 2007/10/19 v1.4h Standard LaTeX file (size option)
)
\c@part=\count79
\c@section=\count80
\c@subsection=\count81
\c@subsubsection=\count82
\c@paragraph=\count83
\c@subparagraph=\count84
\c@figure=\count85
\c@table=\count86
\abovecaptionskip=\skip41
\belowcaptionskip=\skip42
\bibindent=\dimen102
)
("C:\Program Files\MiKTeX 2.9\tex\latex\amsmath\amsmath.sty"
Package: amsmath 2013/01/14 v2.14 AMS math features
\@mathmargin=\skip43

For additional information on amsmath, use the `?' option.
("C:\Program Files\MiKTeX 2.9\tex\latex\amsmath\amstext.sty"
Package: amstext 2000/06/29 v2.01

("C:\Program Files\MiKTeX 2.9\tex\latex\amsmath\amsgen.sty"
File: amsgen.sty 1999/11/30 v2.0
\@emptytoks=\toks14
\ex@=\dimen103
))
("C:\Program Files\MiKTeX 2.9\tex\latex\amsmath\amsbsy.sty"
Package: amsbsy 1999/11/29 v1.2d
\pmbraise@=\dimen104
)
("C:\Program Files\MiKTeX 2.9\tex\latex\amsmath\amsopn.sty"
Package: amsopn 1999/12/14 v2.01 operator names
)
\inf@bad=\count87
LaTeX Info: Redefining \frac on input line 210.
\uproot@=\count88
\leftroot@=\count89
LaTeX Info: Redefining \overline on input line 306.
\classnum@=\count90
\DOTSCASE@=\count91
LaTeX Info: Redefining \ldots on input line 378.
LaTeX Info: Redefining \dots on input line 381.
LaTeX Info: Redefining \cdots on input line 466.
\Mathstrutbox@=\box26
\strutbox@=\box27
\big@size=\dimen105
LaTeX Font Info:    Redeclaring font encoding OML on input line 566.
LaTeX Font Info:    Redeclaring font encoding OMS on input line 567.
\macc@depth=\count92
\c@MaxMatrixCols=\count93
\dotsspace@=\muskip10
\c@parentequation=\count94
\dspbrk@lvl=\count95
\tag@help=\toks15
\row@=\count96
\column@=\count97
\maxfields@=\count98
\andhelp@=\toks16
\eqnshift@=\dimen106
\alignsep@=\dimen107
\tagshift@=\dimen108
\tagwidth@=\dimen109
\totwidth@=\dimen110
\lineht@=\dimen111
\@envbody=\toks17
\multlinegap=\skip44
\multlinetaggap=\skip45
\mathdisplay@stack=\toks18
LaTeX Info: Redefining \[ on input line 2665.
LaTeX Info: Redefining \] on input line 2666.
)
("C:\Program Files\MiKTeX 2.9\tex\latex\graphics\graphicx.sty"
Package: graphicx 1999/02/16 v1.0f Enhanced LaTeX Graphics (DPC,SPQR)

("C:\Program Files\MiKTeX 2.9\tex\latex\graphics\keyval.sty"
Package: keyval 1999/03/16 v1.13 key=value parser (DPC)
\KV@toks@=\toks19
)
("C:\Program Files\MiKTeX 2.9\tex\latex\graphics\graphics.sty"
Package: graphics 2009/02/05 v1.0o Standard LaTeX Graphics (DPC,SPQR)

("C:\Program Files\MiKTeX 2.9\tex\latex\graphics\trig.sty"
Package: trig 1999/03/16 v1.09 sin cos tan (DPC)
)
("C:\Program Files\MiKTeX 2.9\tex\latex\00miktex\graphics.cfg"
File: graphics.cfg 2007/01/18 v1.5 graphics configuration of teTeX/TeXLive
)
Package graphics Info: Driver file: pdftex.def on input line 91.

("C:\Program Files\MiKTeX 2.9\tex\latex\pdftex-def\pdftex.def"
File: pdftex.def 2011/05/27 v0.06d Graphics/color for pdfTeX

("C:\Program Files\MiKTeX 2.9\tex\generic\oberdiek\infwarerr.sty"
Package: infwarerr 2010/04/08 v1.3 Providing info/warning/error messages (HO)
)
("C:\Program Files\MiKTeX 2.9\tex\generic\oberdiek\ltxcmds.sty"
Package: ltxcmds 2011/11/09 v1.22 LaTeX kernel commands for general use (HO)
)
\Gread@gobject=\count99
))
\Gin@req@height=\dimen112
\Gin@req@width=\dimen113
)
("C:\Program Files\MiKTeX 2.9\tex\latex\tools\tabularx.sty"
Package: tabularx 1999/01/07 v2.07 `tabularx' package (DPC)

("C:\Program Files\MiKTeX 2.9\tex\latex\tools\array.sty"
Package: array 2008/09/09 v2.4c Tabular extension package (FMi)
\col@sep=\dimen114
\extrarowheight=\dimen115
\NC@list=\toks20
\extratabsurround=\skip46
\backup@length=\skip47
)
\TX@col@width=\dimen116
\TX@old@table=\dimen117
\TX@old@col=\dimen118
\TX@target=\dimen119
\TX@delta=\dimen120
\TX@cols=\count100
\TX@ftn=\toks21
)
("C:\Program Files\MiKTeX 2.9\tex\latex\natbib\natbib.sty"
Package: natbib 2010/09/13 8.31b (PWD, AO)
\bibhang=\skip48
\bibsep=\skip49
LaTeX Info: Redefining \cite on input line 694.
\c@NAT@ctr=\count101
)
("C:\Program Files\MiKTeX 2.9\tex\latex\todonotes\todonotes.sty"
Package: todonotes 2012/07/25 .dtx Todonotes source and documentation.
Package: todonotes 2012/07/25

("C:\Program Files\MiKTeX 2.9\tex\latex\base\ifthen.sty"
Package: ifthen 2001/05/26 v1.1c Standard LaTeX ifthen package (DPC)
)
("C:\Program Files\MiKTeX 2.9\tex\latex\xkeyval\xkeyval.sty"
Package: xkeyval 2012/10/14 v2.6b package option processing (HA)

("C:\Program Files\MiKTeX 2.9\tex\generic\xkeyval\xkeyval.tex"
\XKV@toks=\toks22
\XKV@tempa@toks=\toks23
\XKV@depth=\count102
File: xkeyval.tex 2012/10/14 v2.6b key=value parser (HA)
))
("C:\Program Files\MiKTeX 2.9\tex\latex\xcolor\xcolor.sty"
Package: xcolor 2007/01/21 v2.11 LaTeX color extensions (UK)

("C:\Program Files\MiKTeX 2.9\tex\latex\00miktex\color.cfg"
File: color.cfg 2007/01/18 v1.5 color configuration of teTeX/TeXLive
)
Package xcolor Info: Driver file: pdftex.def on input line 225.
Package xcolor Info: Model `cmy' substituted by `cmy0' on input line 1337.
Package xcolor Info: Model `hsb' substituted by `rgb' on input line 1341.
Package xcolor Info: Model `RGB' extended on input line 1353.
Package xcolor Info: Model `HTML' substituted by `rgb' on input line 1355.
Package xcolor Info: Model `Hsb' substituted by `hsb' on input line 1356.
Package xcolor Info: Model `tHsb' substituted by `hsb' on input line 1357.
Package xcolor Info: Model `HSB' substituted by `hsb' on input line 1358.
Package xcolor Info: Model `Gray' substituted by `gray' on input line 1359.
Package xcolor Info: Model `wave' substituted by `hsb' on input line 1360.
)
("C:\Program Files\MiKTeX 2.9\tex\latex\pgf\frontendlayer\tikz.sty"
("C:\Program Files\MiKTeX 2.9\tex\latex\pgf\basiclayer\pgf.sty"
("C:\Program Files\MiKTeX 2.9\tex\latex\pgf\utilities\pgfrcs.sty"
("C:\Program Files\MiKTeX 2.9\tex\generic\pgf\utilities\pgfutil-common.tex"
\pgfutil@everybye=\toks24
)
("C:\Program Files\MiKTeX 2.9\tex\generic\pgf\utilities\pgfutil-latex.def"
\pgfutil@abb=\box28

("C:\Program Files\MiKTeX 2.9\tex\latex\ms\everyshi.sty"
Package: everyshi 2001/05/15 v3.00 EveryShipout Package (MS)
))
("C:\Program Files\MiKTeX 2.9\tex\generic\pgf\utilities\pgfrcs.code.tex"
Package: pgfrcs 2010/10/25 v2.10 (rcs-revision 1.24)
))
Package: pgf 2008/01/15 v2.10 (rcs-revision 1.12)

("C:\Program Files\MiKTeX 2.9\tex\latex\pgf\basiclayer\pgfcore.sty"
("C:\Program Files\MiKTeX 2.9\tex\latex\pgf\systemlayer\pgfsys.sty"
("C:\Program Files\MiKTeX 2.9\tex\generic\pgf\systemlayer\pgfsys.code.tex"
Package: pgfsys 2010/06/30 v2.10 (rcs-revision 1.37)

("C:\Program Files\MiKTeX 2.9\tex\generic\pgf\utilities\pgfkeys.code.tex"
\pgfkeys@pathtoks=\toks25
\pgfkeys@temptoks=\toks26

("C:\Program Files\MiKTeX 2.9\tex\generic\pgf\utilities\pgfkeysfiltered.code.te
x"
\pgfkeys@tmptoks=\toks27
))
\pgf@x=\dimen121
\pgf@y=\dimen122
\pgf@xa=\dimen123
\pgf@ya=\dimen124
\pgf@xb=\dimen125
\pgf@yb=\dimen126
\pgf@xc=\dimen127
\pgf@yc=\dimen128
\w@pgf@writea=\write3
\r@pgf@reada=\read1
\c@pgf@counta=\count103
\c@pgf@countb=\count104
\c@pgf@countc=\count105
\c@pgf@countd=\count106
 ("C:\Program Files\MiKTeX 2.9\tex\generic\pgf\systemlayer\pgf.cfg"
File: pgf.cfg 2008/05/14  (rcs-revision 1.7)
)
Package pgfsys Info: Driver file for pgf: pgfsys-pdftex.def on input line 900.

("C:\Program Files\MiKTeX 2.9\tex\generic\pgf\systemlayer\pgfsys-pdftex.def"
File: pgfsys-pdftex.def 2009/05/22  (rcs-revision 1.26)

("C:\Program Files\MiKTeX 2.9\tex\generic\pgf\systemlayer\pgfsys-common-pdf.def
"
File: pgfsys-common-pdf.def 2008/05/19  (rcs-revision 1.10)
)))
("C:\Program Files\MiKTeX 2.9\tex\generic\pgf\systemlayer\pgfsyssoftpath.code.t
ex"
File: pgfsyssoftpath.code.tex 2008/07/18  (rcs-revision 1.7)
\pgfsyssoftpath@smallbuffer@items=\count107
\pgfsyssoftpath@bigbuffer@items=\count108
)
("C:\Program Files\MiKTeX 2.9\tex\generic\pgf\systemlayer\pgfsysprotocol.code.t
ex"
File: pgfsysprotocol.code.tex 2006/10/16  (rcs-revision 1.4)
)) ("C:\Program Files\MiKTeX 2.9\tex\generic\pgf\basiclayer\pgfcore.code.tex"
Package: pgfcore 2010/04/11 v2.10 (rcs-revision 1.7)
 ("C:\Program Files\MiKTeX 2.9\tex\generic\pgf\math\pgfmath.code.tex"
("C:\Program Files\MiKTeX 2.9\tex\generic\pgf\math\pgfmathcalc.code.tex"
("C:\Program Files\MiKTeX 2.9\tex\generic\pgf\math\pgfmathutil.code.tex")
("C:\Program Files\MiKTeX 2.9\tex\generic\pgf\math\pgfmathparser.code.tex"
\pgfmath@dimen=\dimen129
\pgfmath@count=\count109
\pgfmath@box=\box29
\pgfmath@toks=\toks28
\pgfmath@stack@operand=\toks29
\pgfmath@stack@operation=\toks30
)
("C:\Program Files\MiKTeX 2.9\tex\generic\pgf\math\pgfmathfunctions.code.tex"
("C:\Program Files\MiKTeX 2.9\tex\generic\pgf\math\pgfmathfunctions.basic.code.
tex")
("C:\Program Files\MiKTeX 2.9\tex\generic\pgf\math\pgfmathfunctions.trigonometr
ic.code.tex")
("C:\Program Files\MiKTeX 2.9\tex\generic\pgf\math\pgfmathfunctions.random.code
.tex")
("C:\Program Files\MiKTeX 2.9\tex\generic\pgf\math\pgfmathfunctions.comparison.
code.tex")
("C:\Program Files\MiKTeX 2.9\tex\generic\pgf\math\pgfmathfunctions.base.code.t
ex")
("C:\Program Files\MiKTeX 2.9\tex\generic\pgf\math\pgfmathfunctions.round.code.
tex")
("C:\Program Files\MiKTeX 2.9\tex\generic\pgf\math\pgfmathfunctions.misc.code.t
ex"))) ("C:\Program Files\MiKTeX 2.9\tex\generic\pgf\math\pgfmathfloat.code.tex
"
\c@pgfmathroundto@lastzeros=\count110
))
("C:\Program Files\MiKTeX 2.9\tex\generic\pgf\basiclayer\pgfcorepoints.code.tex
"
File: pgfcorepoints.code.tex 2010/04/09  (rcs-revision 1.20)
\pgf@picminx=\dimen130
\pgf@picmaxx=\dimen131
\pgf@picminy=\dimen132
\pgf@picmaxy=\dimen133
\pgf@pathminx=\dimen134
\pgf@pathmaxx=\dimen135
\pgf@pathminy=\dimen136
\pgf@pathmaxy=\dimen137
\pgf@xx=\dimen138
\pgf@xy=\dimen139
\pgf@yx=\dimen140
\pgf@yy=\dimen141
\pgf@zx=\dimen142
\pgf@zy=\dimen143
)
("C:\Program Files\MiKTeX 2.9\tex\generic\pgf\basiclayer\pgfcorepathconstruct.c
ode.tex"
File: pgfcorepathconstruct.code.tex 2010/08/03  (rcs-revision 1.24)
\pgf@path@lastx=\dimen144
\pgf@path@lasty=\dimen145
)
("C:\Program Files\MiKTeX 2.9\tex\generic\pgf\basiclayer\pgfcorepathusage.code.
tex"
File: pgfcorepathusage.code.tex 2008/04/22  (rcs-revision 1.12)
\pgf@shorten@end@additional=\dimen146
\pgf@shorten@start@additional=\dimen147
)
("C:\Program Files\MiKTeX 2.9\tex\generic\pgf\basiclayer\pgfcorescopes.code.tex
"
File: pgfcorescopes.code.tex 2010/09/08  (rcs-revision 1.34)
\pgfpic=\box30
\pgf@hbox=\box31
\pgf@layerbox@main=\box32
\pgf@picture@serial@count=\count111
)
("C:\Program Files\MiKTeX 2.9\tex\generic\pgf\basiclayer\pgfcoregraphicstate.co
de.tex"
File: pgfcoregraphicstate.code.tex 2008/04/22  (rcs-revision 1.9)
\pgflinewidth=\dimen148
)
("C:\Program Files\MiKTeX 2.9\tex\generic\pgf\basiclayer\pgfcoretransformations
.code.tex"
File: pgfcoretransformations.code.tex 2009/06/10  (rcs-revision 1.11)
\pgf@pt@x=\dimen149
\pgf@pt@y=\dimen150
\pgf@pt@temp=\dimen151
)
("C:\Program Files\MiKTeX 2.9\tex\generic\pgf\basiclayer\pgfcorequick.code.tex"
File: pgfcorequick.code.tex 2008/10/09  (rcs-revision 1.3)
)
("C:\Program Files\MiKTeX 2.9\tex\generic\pgf\basiclayer\pgfcoreobjects.code.te
x"
File: pgfcoreobjects.code.tex 2006/10/11  (rcs-revision 1.2)
)
("C:\Program Files\MiKTeX 2.9\tex\generic\pgf\basiclayer\pgfcorepathprocessing.
code.tex"
File: pgfcorepathprocessing.code.tex 2008/10/09  (rcs-revision 1.8)
)
("C:\Program Files\MiKTeX 2.9\tex\generic\pgf\basiclayer\pgfcorearrows.code.tex
"
File: pgfcorearrows.code.tex 2008/04/23  (rcs-revision 1.11)
)
("C:\Program Files\MiKTeX 2.9\tex\generic\pgf\basiclayer\pgfcoreshade.code.tex"
File: pgfcoreshade.code.tex 2008/11/23  (rcs-revision 1.13)
\pgf@max=\dimen152
\pgf@sys@shading@range@num=\count112
) ("C:\Program Files\MiKTeX 2.9\tex\generic\pgf\basiclayer\pgfcoreimage.code.te
x"
File: pgfcoreimage.code.tex 2010/03/25  (rcs-revision 1.16)

("C:\Program Files\MiKTeX 2.9\tex\generic\pgf\basiclayer\pgfcoreexternal.code.t
ex"
File: pgfcoreexternal.code.tex 2010/09/01  (rcs-revision 1.17)
\pgfexternal@startupbox=\box33
))
("C:\Program Files\MiKTeX 2.9\tex\generic\pgf\basiclayer\pgfcorelayers.code.tex
"
File: pgfcorelayers.code.tex 2010/08/27  (rcs-revision 1.2)
)
("C:\Program Files\MiKTeX 2.9\tex\generic\pgf\basiclayer\pgfcoretransparency.co
de.tex"
File: pgfcoretransparency.code.tex 2008/01/17  (rcs-revision 1.2)
)
("C:\Program Files\MiKTeX 2.9\tex\generic\pgf\basiclayer\pgfcorepatterns.code.t
ex"
File: pgfcorepatterns.code.tex 2009/07/02  (rcs-revision 1.3)
)))
("C:\Program Files\MiKTeX 2.9\tex\generic\pgf\modules\pgfmoduleshapes.code.tex"
File: pgfmoduleshapes.code.tex 2010/09/09  (rcs-revision 1.13)
\pgfnodeparttextbox=\box34
) ("C:\Program Files\MiKTeX 2.9\tex\generic\pgf\modules\pgfmoduleplot.code.tex"
File: pgfmoduleplot.code.tex 2010/10/22  (rcs-revision 1.8)
)
("C:\Program Files\MiKTeX 2.9\tex\latex\pgf\compatibility\pgfcomp-version-0-65.
sty"
Package: pgfcomp-version-0-65 2007/07/03 v2.10 (rcs-revision 1.7)
\pgf@nodesepstart=\dimen153
\pgf@nodesepend=\dimen154
)
("C:\Program Files\MiKTeX 2.9\tex\latex\pgf\compatibility\pgfcomp-version-1-18.
sty"
Package: pgfcomp-version-1-18 2007/07/23 v2.10 (rcs-revision 1.1)
)) ("C:\Program Files\MiKTeX 2.9\tex\latex\pgf\utilities\pgffor.sty"
("C:\Program Files\MiKTeX 2.9\tex\latex\pgf\utilities\pgfkeys.sty"
("C:\Program Files\MiKTeX 2.9\tex\generic\pgf\utilities\pgfkeys.code.tex"))
("C:\Program Files\MiKTeX 2.9\tex\generic\pgf\utilities\pgffor.code.tex"
Package: pgffor 2010/03/23 v2.10 (rcs-revision 1.18)
\pgffor@iter=\dimen155
\pgffor@skip=\dimen156
\pgffor@stack=\toks31
\pgffor@toks=\toks32
))
("C:\Program Files\MiKTeX 2.9\tex\generic\pgf\frontendlayer\tikz\tikz.code.tex"
Package: tikz 2010/10/13 v2.10 (rcs-revision 1.76)

("C:\Program Files\MiKTeX 2.9\tex\generic\pgf\libraries\pgflibraryplothandlers.
code.tex"
File: pgflibraryplothandlers.code.tex 2010/05/31 v2.10 (rcs-revision 1.15)
\pgf@plot@mark@count=\count113
\pgfplotmarksize=\dimen157
)
\tikz@lastx=\dimen158
\tikz@lasty=\dimen159
\tikz@lastxsaved=\dimen160
\tikz@lastysaved=\dimen161
\tikzleveldistance=\dimen162
\tikzsiblingdistance=\dimen163
\tikz@figbox=\box35
\tikz@tempbox=\box36
\tikztreelevel=\count114
\tikznumberofchildren=\count115
\tikznumberofcurrentchild=\count116
\tikz@fig@count=\count117

("C:\Program Files\MiKTeX 2.9\tex\generic\pgf\modules\pgfmodulematrix.code.tex"
File: pgfmodulematrix.code.tex 2010/08/24  (rcs-revision 1.4)
\pgfmatrixcurrentrow=\count118
\pgfmatrixcurrentcolumn=\count119
\pgf@matrix@numberofcolumns=\count120
)
\tikz@expandcount=\count121

("C:\Program Files\MiKTeX 2.9\tex\generic\pgf\frontendlayer\tikz\libraries\tikz
librarytopaths.code.tex"
File: tikzlibrarytopaths.code.tex 2008/06/17 v2.10 (rcs-revision 1.2)
)))
("C:\Program Files\MiKTeX 2.9\tex\generic\pgf\frontendlayer\tikz\libraries\tikz
librarypositioning.code.tex"
File: tikzlibrarypositioning.code.tex 2008/10/06 v2.10 (rcs-revision 1.7)
)
("C:\Program Files\MiKTeX 2.9\tex\latex\tools\calc.sty"
Package: calc 2007/08/22 v4.3 Infix arithmetic (KKT,FJ)
\calc@Acount=\count122
\calc@Bcount=\count123
\calc@Adimen=\dimen164
\calc@Bdimen=\dimen165
\calc@Askip=\skip50
\calc@Bskip=\skip51
LaTeX Info: Redefining \setlength on input line 76.
LaTeX Info: Redefining \addtolength on input line 77.
\calc@Ccount=\count124
\calc@Cskip=\skip52
)
\c@@todonotes@numberoftodonotes=\count125
)
("C:\Program Files\MiKTeX 2.9\tex\latex\amsfonts\amssymb.sty"
Package: amssymb 2013/01/14 v3.01 AMS font symbols

("C:\Program Files\MiKTeX 2.9\tex\latex\amsfonts\amsfonts.sty"
Package: amsfonts 2013/01/14 v3.01 Basic AMSFonts support
\symAMSa=\mathgroup4
\symAMSb=\mathgroup5
LaTeX Font Info:    Overwriting math alphabet `\mathfrak' in version `bold'
(Font)                  U/euf/m/n --> U/euf/b/n on input line 106.
))
("C:\Program Files\MiKTeX 2.9\tex\latex\amscls\amsthm.sty"
Package: amsthm 2004/08/06 v2.20
\thm@style=\toks33
\thm@bodyfont=\toks34
\thm@headfont=\toks35
\thm@notefont=\toks36
\thm@headpunct=\toks37
\thm@preskip=\skip53
\thm@postskip=\skip54
\thm@headsep=\skip55
\dth@everypar=\toks38
)
("C:\Program Files\MiKTeX 2.9\tex\latex\mdframed\mdframed.sty"
Package: mdframed 2013/07/01 1.9b: mdframed

("C:\Program Files\MiKTeX 2.9\tex\latex\oberdiek\kvoptions.sty"
Package: kvoptions 2011/06/30 v3.11 Key value format for package options (HO)

("C:\Program Files\MiKTeX 2.9\tex\generic\oberdiek\kvsetkeys.sty"
Package: kvsetkeys 2012/04/25 v1.16 Key value parser (HO)

("C:\Program Files\MiKTeX 2.9\tex\generic\oberdiek\etexcmds.sty"
Package: etexcmds 2011/02/16 v1.5 Avoid name clashes with e-TeX commands (HO)

("C:\Program Files\MiKTeX 2.9\tex\generic\oberdiek\ifluatex.sty"
Package: ifluatex 2010/03/01 v1.3 Provides the ifluatex switch (HO)
Package ifluatex Info: LuaTeX not detected.
)
Package etexcmds Info: Could not find \expanded.
(etexcmds)             That can mean that you are not using pdfTeX 1.50 or
(etexcmds)             that some package has redefined \expanded.
(etexcmds)             In the latter case, load this package earlier.
)))
("C:\Program Files\MiKTeX 2.9\tex\latex\l3packages\xparse\xparse.sty"
("C:\Program Files\MiKTeX 2.9\tex\latex\l3kernel\expl3.sty"
Package: expl3 2014/05/20 v4814 L3 programming layer (loader) 

("C:\Program Files\MiKTeX 2.9\tex\generic\oberdiek\ifpdf.sty"
Package: ifpdf 2011/01/30 v2.3 Provides the ifpdf switch (HO)
Package ifpdf Info: pdfTeX in PDF mode is detected.
)
("C:\Program Files\MiKTeX 2.9\tex\latex\l3kernel\expl3-code.tex"
Package: expl3 2014/05/20 v4814 L3 programming layer (code) 
L3 Module: l3bootstrap 2014/05/16 v4782 L3 Bootstrap code

("C:\Program Files\MiKTeX 2.9\tex\latex\misc\etex.sty"
Package: etex 1998/03/26 v2.0 eTeX basic definition package (PEB)
\et@xins=\count126
)
L3 Module: l3names 2014/05/04 v4728 L3 Namespace for primitives
L3 Module: l3basics 2014/05/04 v4728 L3 Basic definitions
L3 Module: l3expan 2014/04/30 v4712 L3 Argument expansion
L3 Module: l3tl 2014/05/04 v4728 L3 Token lists
L3 Module: l3seq 2014/04/30 v4712 L3 Sequences and stacks
L3 Module: l3int 2014/05/16 v4776 L3 Integers
\c_max_int=\count127
\l_tmpa_int=\count128
\l_tmpb_int=\count129
\g_tmpa_int=\count130
\g_tmpb_int=\count131
L3 Module: l3quark 2014/05/04 v4728 L3 Quarks
L3 Module: l3prg 2014/05/04 v4728 L3 Control structures
\g__prg_map_int=\count132
L3 Module: l3clist 2014/05/04 v4728 L3 Comma separated lists
L3 Module: l3token 2014/05/04 v4728 L3 Experimental token manipulation
L3 Module: l3prop 2014/04/30 v4712 L3 Property lists
L3 Module: l3msg 2014/05/04 v4728 L3 Messages
L3 Module: l3file 2014/05/05 v4737 L3 File and I/O operations
\l_iow_line_count_int=\count133
\l__iow_target_count_int=\count134
\l__iow_current_line_int=\count135
\l__iow_current_word_int=\count136
\l__iow_current_indentation_int=\count137
L3 Module: l3skip 2014/05/05 v4738 L3 Dimensions and skips
\c_zero_dim=\dimen166
\c_max_dim=\dimen167
\l_tmpa_dim=\dimen168
\l_tmpb_dim=\dimen169
\g_tmpa_dim=\dimen170
\g_tmpb_dim=\dimen171
\c_zero_skip=\skip56
\c_max_skip=\skip57
\l_tmpa_skip=\skip58
\l_tmpb_skip=\skip59
\g_tmpa_skip=\skip60
\g_tmpb_skip=\skip61
\c_zero_muskip=\muskip11
\c_max_muskip=\muskip12
\l_tmpa_muskip=\muskip13
\l_tmpb_muskip=\muskip14
\g_tmpa_muskip=\muskip15
\g_tmpb_muskip=\muskip16
L3 Module: l3keys 2014/05/08 v4753 L3 Key-value interfaces
\g__keyval_level_int=\count138
\l_keys_choice_int=\count139
L3 Module: l3fp 2014/04/30 v4712 L3 Floating points
\c__fp_leading_shift_int=\count140
\c__fp_middle_shift_int=\count141
\c__fp_trailing_shift_int=\count142
\c__fp_big_leading_shift_int=\count143
\c__fp_big_middle_shift_int=\count144
\c__fp_big_trailing_shift_int=\count145
\c__fp_Bigg_leading_shift_int=\count146
\c__fp_Bigg_middle_shift_int=\count147
\c__fp_Bigg_trailing_shift_int=\count148
L3 Module: l3box 2014/05/04 v4728 L3 Experimental boxes
\c_empty_box=\box37
\l_tmpa_box=\box38
\l_tmpb_box=\box39
\g_tmpa_box=\box40
\g_tmpb_box=\box41
L3 Module: l3coffins 2014/05/04 v4728 L3 Coffin code layer
\l__coffin_internal_box=\box42
\l__coffin_internal_dim=\dimen172
\l__coffin_offset_x_dim=\dimen173
\l__coffin_offset_y_dim=\dimen174
\l__coffin_x_dim=\dimen175
\l__coffin_y_dim=\dimen176
\l__coffin_x_prime_dim=\dimen177
\l__coffin_y_prime_dim=\dimen178
\c_empty_coffin=\box43
\l__coffin_aligned_coffin=\box44
\l__coffin_aligned_internal_coffin=\box45
\l_tmpa_coffin=\box46
\l_tmpb_coffin=\box47
\l__coffin_display_coffin=\box48
\l__coffin_display_coord_coffin=\box49
\l__coffin_display_pole_coffin=\box50
\l__coffin_display_offset_dim=\dimen179
\l__coffin_display_x_dim=\dimen180
\l__coffin_display_y_dim=\dimen181
L3 Module: l3color 2014/04/30 v4712 L3 Experimental color support
L3 Module: l3luatex 2014/04/30 v4712 L3 Experimental LuaTeX-specific functions
\g__cctab_allocate_int=\count149
\g__cctab_stack_int=\count150
L3 Module: l3candidates 2014/05/04 v4734 L3 Experimental additions to l3kernel
\l__box_top_dim=\dimen182
\l__box_bottom_dim=\dimen183
\l__box_left_dim=\dimen184
\l__box_right_dim=\dimen185
\l__box_top_new_dim=\dimen186
\l__box_bottom_new_dim=\dimen187
\l__box_left_new_dim=\dimen188
\l__box_right_new_dim=\dimen189
\l__box_internal_box=\box51
\l__coffin_bounding_shift_dim=\dimen190
\l__coffin_left_corner_dim=\dimen191
\l__coffin_right_corner_dim=\dimen192
\l__coffin_bottom_corner_dim=\dimen193
\l__coffin_top_corner_dim=\dimen194
\l__coffin_scaled_total_height_dim=\dimen195
\l__coffin_scaled_width_dim=\dimen196
))
Package: xparse 2014/05/05 v4740 L3 Experimental document command parser
\l__xparse_current_arg_int=\count151
\l__xparse_m_args_int=\count152
\l__xparse_mandatory_args_int=\count153
\l__xparse_processor_int=\count154
\l__xparse_v_nesting_int=\count155
)
("C:\Program Files\MiKTeX 2.9\tex\latex\etoolbox\etoolbox.sty"
Package: etoolbox 2011/01/03 v2.1 e-TeX tools for LaTeX
\etb@tempcnta=\count156
)
("C:\Program Files\MiKTeX 2.9\tex\latex\oberdiek\zref-abspage.sty"
Package: zref-abspage 2012/04/04 v2.24 Module abspage for zref (HO)

("C:\Program Files\MiKTeX 2.9\tex\latex\oberdiek\zref-base.sty"
Package: zref-base 2012/04/04 v2.24 Module base for zref (HO)

("C:\Program Files\MiKTeX 2.9\tex\generic\oberdiek\kvdefinekeys.sty"
Package: kvdefinekeys 2011/04/07 v1.3 Define keys (HO)
)
("C:\Program Files\MiKTeX 2.9\tex\generic\oberdiek\pdftexcmds.sty"
Package: pdftexcmds 2011/11/29 v0.20 Utility functions of pdfTeX for LuaTeX (HO
)
Package pdftexcmds Info: LuaTeX not detected.
Package pdftexcmds Info: \pdf@primitive is available.
Package pdftexcmds Info: \pdf@ifprimitive is available.
Package pdftexcmds Info: \pdfdraftmode found.
)
("C:\Program Files\MiKTeX 2.9\tex\latex\oberdiek\auxhook.sty"
Package: auxhook 2011/03/04 v1.3 Hooks for auxiliary files (HO)
)
Package zref Info: New property list: main on input line 759.
Package zref Info: New property: default on input line 760.
Package zref Info: New property: page on input line 761.
)
("C:\Program Files\MiKTeX 2.9\tex\generic\oberdiek\atbegshi.sty"
Package: atbegshi 2011/10/05 v1.16 At begin shipout hook (HO)
)
\c@abspage=\count157
Package zref Info: New property: abspage on input line 62.
)
("C:\Program Files\MiKTeX 2.9\tex\latex\needspace\needspace.sty"
Package: needspace 2010/09/12 v1.3d reserve vertical space
)
\mdf@templength=\skip62
\c@mdf@globalstyle@cnt=\count158
\mdf@skipabove@length=\skip63
\mdf@skipbelow@length=\skip64
\mdf@leftmargin@length=\skip65
\mdf@rightmargin@length=\skip66
\mdf@innerleftmargin@length=\skip67
\mdf@innerrightmargin@length=\skip68
\mdf@innertopmargin@length=\skip69
\mdf@innerbottommargin@length=\skip70
\mdf@splittopskip@length=\skip71
\mdf@splitbottomskip@length=\skip72
\mdf@outermargin@length=\skip73
\mdf@innermargin@length=\skip74
\mdf@linewidth@length=\skip75
\mdf@innerlinewidth@length=\skip76
\mdf@middlelinewidth@length=\skip77
\mdf@outerlinewidth@length=\skip78
\mdf@roundcorner@length=\skip79
\mdf@footenotedistance@length=\skip80
\mdf@userdefinedwidth@length=\skip81
\mdf@needspace@length=\skip82
\mdf@frametitleaboveskip@length=\skip83
\mdf@frametitlebelowskip@length=\skip84
\mdf@frametitlerulewidth@length=\skip85
\mdf@frametitleleftmargin@length=\skip86
\mdf@frametitlerightmargin@length=\skip87
\mdf@shadowsize@length=\skip88
\mdf@extratopheight@length=\skip89
\mdf@subtitleabovelinewidth@length=\skip90
\mdf@subtitlebelowlinewidth@length=\skip91
\mdf@subtitleaboveskip@length=\skip92
\mdf@subtitlebelowskip@length=\skip93
\mdf@subtitleinneraboveskip@length=\skip94
\mdf@subtitleinnerbelowskip@length=\skip95
\mdf@subsubtitleabovelinewidth@length=\skip96
\mdf@subsubtitlebelowlinewidth@length=\skip97
\mdf@subsubtitleaboveskip@length=\skip98
\mdf@subsubtitlebelowskip@length=\skip99
\mdf@subsubtitleinneraboveskip@length=\skip100
\mdf@subsubtitleinnerbelowskip@length=\skip101

("C:\Program Files\MiKTeX 2.9\tex\latex\mdframed\md-frame-0.mdf"
File: md-frame-0.mdf 2013/07/01\ 1.9b: md-frame-0
)
\mdf@frametitlebox=\box52
\mdf@footnotebox=\box53
\mdf@splitbox@one=\box54
\mdf@splitbox@two=\box55
\mdf@splitbox@save=\box56
\mdfsplitboxwidth=\skip102
\mdfsplitboxtotalwidth=\skip103
\mdfsplitboxheight=\skip104
\mdfsplitboxdepth=\skip105
\mdfsplitboxtotalheight=\skip106
\mdfframetitleboxwidth=\skip107
\mdfframetitleboxtotalwidth=\skip108
\mdfframetitleboxheight=\skip109
\mdfframetitleboxdepth=\skip110
\mdfframetitleboxtotalheight=\skip111
\mdffootnoteboxwidth=\skip112
\mdffootnoteboxtotalwidth=\skip113
\mdffootnoteboxheight=\skip114
\mdffootnoteboxdepth=\skip115
\mdffootnoteboxtotalheight=\skip116
\mdftotallinewidth=\skip117
\mdfboundingboxwidth=\skip118
\mdfboundingboxtotalwidth=\skip119
\mdfboundingboxheight=\skip120
\mdfboundingboxdepth=\skip121
\mdfboundingboxtotalheight=\skip122
\mdf@freevspace@length=\skip123
\mdf@horizontalwidthofbox@length=\skip124
\mdf@verticalmarginwhole@length=\skip125
\mdf@horizontalspaceofbox=\skip126
\mdfsubtitleheight=\skip127
\mdfsubsubtitleheight=\skip128
\c@mdfcountframes=\count159

****** mdframed patching \endmdf@trivlist

****** -- success******

.................................................
. LaTeX info: "xparse/define-command"
. 
. Defining document command \newmdtheoremenv with arg. spec. 'O{} m o m o ' on
. line 601.
.................................................
.................................................
. LaTeX info: "xparse/define-command"
. 
. Defining document command \mdtheorem with arg. spec. ' O{} m o m o ' on line
. 701.
.................................................
\mdf@envdepth=\count160
\c@mdf@env@i=\count161
\c@mdf@env@ii=\count162
\c@mdf@zref@counter=\count163
Package zref Info: New property: mdf@pagevalue on input line 895.
)
("C:\Program Files\MiKTeX 2.9\tex\latex\float\float.sty"
Package: float 2001/11/08 v1.3d Float enhancements (AL)
\c@float@type=\count164
\float@exts=\toks39
\float@box=\box57
\@float@everytoks=\toks40
\@floatcapt=\box58
)
("C:\Program Files\MiKTeX 2.9\tex\latex\caption\caption.sty"
Package: caption 2013/05/02 v3.3-89 Customizing captions (AR)

("C:\Program Files\MiKTeX 2.9\tex\latex\caption\caption3.sty"
Package: caption3 2013/05/02 v1.6-88 caption3 kernel (AR)
Package caption3 Info: TeX engine: e-TeX on input line 57.
\captionmargin=\dimen197
\captionmargin@=\dimen198
\captionwidth=\dimen199
\caption@tempdima=\dimen200
\caption@indent=\dimen201
Normal \dimen register pool exhausted, switching to extended pool.
\caption@parindent=\dimen256
\caption@hangindent=\dimen257
)
\c@ContinuedFloat=\count165
Package caption Info: float package is loaded.
)
No file Slava_masters.aux.
LaTeX Font Info:    Checking defaults for OML/cmm/m/it on input line 22.
LaTeX Font Info:    ... okay on input line 22.
LaTeX Font Info:    Checking defaults for T1/cmr/m/n on input line 22.
LaTeX Font Info:    ... okay on input line 22.
LaTeX Font Info:    Checking defaults for OT1/cmr/m/n on input line 22.
LaTeX Font Info:    ... okay on input line 22.
LaTeX Font Info:    Checking defaults for OMS/cmsy/m/n on input line 22.
LaTeX Font Info:    ... okay on input line 22.
LaTeX Font Info:    Checking defaults for OMX/cmex/m/n on input line 22.
LaTeX Font Info:    ... okay on input line 22.
LaTeX Font Info:    Checking defaults for U/cmr/m/n on input line 22.
LaTeX Font Info:    ... okay on input line 22.
("C:\Program Files\MiKTeX 2.9\tex\context\base\supp-pdf.mkii"
[Loading MPS to PDF converter (version 2006.09.02).]
\scratchcounter=\count166
\scratchdimen=\dimen258
\scratchbox=\box59
\nofMPsegments=\count167
\nofMParguments=\count168
\everyMPshowfont=\toks41
\MPscratchCnt=\count169
\MPscratchDim=\dimen259
\MPnumerator=\count170
\makeMPintoPDFobject=\count171
\everyMPtoPDFconversion=\toks42
) ABD: EveryShipout initializing macros
\AtBeginShipoutBox=\box60
Package caption Info: Begin \AtBeginDocument code.
Package caption Info: End \AtBeginDocument code.
LaTeX Font Info:    Try loading font information for U+msa on input line 23.

("C:\Program Files\MiKTeX 2.9\tex\latex\amsfonts\umsa.fd"
File: umsa.fd 2013/01/14 v3.01 AMS symbols A
)
LaTeX Font Info:    Try loading font information for U+msb on input line 23.

("C:\Program Files\MiKTeX 2.9\tex\latex\amsfonts\umsb.fd"
File: umsb.fd 2013/01/14 v3.01 AMS symbols B
)
No file Slava_masters.toc.
\tf@toc=\write4

Package natbib Warning: Citation `Sto1960' on page 1 undefined on input line 31
.


Package natbib Warning: Citation `Vic1979' on page 1 undefined on input line 31
.


Package natbib Warning: Citation `TowAsh1983' on page 1 undefined on input line
 31.


Package natbib Warning: Citation `Luc1986' on page 1 undefined on input line 31
.


Package natbib Warning: Citation `BogRaf2006' on page 1 undefined on input line
 31.


Package natbib Warning: Citation `RatTue2002' on page 1 undefined on input line
 33.


Package natbib Warning: Citation `UshMcc2001' on page 1 undefined on input line
 33.


Package natbib Warning: Citation `BroHea2008' on page 1 undefined on input line
 33.


Package natbib Warning: Citation `VosAnd2004' on page 1 undefined on input line
 33.


Package natbib Warning: Citation `RatMck2008' on page 1 undefined on input line
 33.


Package natbib Warning: Citation `Wag2009' on page 1 undefined on input line 33
.


Package natbib Warning: Citation `VanTue2007' on page 1 undefined on input line
 33.


Package natbib Warning: Citation `VanTue2011' on page 1 undefined on input line
 33.


Package natbib Warning: Citation `RaeHea2014' on page 1 undefined on input line
 33.

[1

{C:/ProgramData/MiKTeX/2.9/pdftex/config/pdftex.map}]

Package natbib Warning: Citation `VanMal2004' on page 2 undefined on input line
 35.


Package natbib Warning: Citation `DutFor2013' on page 2 undefined on input line
 35.


Package natbib Warning: Citation `SmiRat2004' on page 2 undefined on input line
 37.

[2]

Package natbib Warning: Citation `AndBot2004' on page 3 undefined on input line
 45.


Package natbib Warning: Citation `And2007' on page 3 undefined on input line 45
.


Package natbib Warning: Citation `Lju1999' on page 3 undefined on input line 45
.


Package natbib Warning: Citation `Lju2010' on page 3 undefined on input line 45
.

Missing character: There is no ‚ in font cmr12!
Missing character: There is no Ä in font cmr12!
Missing character: There is no ô in font cmr12!

Package natbib Warning: Citation `Lju1999' on page 3 undefined on input line 47
.


Package natbib Warning: Citation `Lju2010' on page 3 undefined on input line 47
.


Package natbib Warning: Citation `CasBer2002' on page 3 undefined on input line
 47.


Package natbib Warning: Citation `GelCar2013' on page 3 undefined on input line
 47.


Package natbib Warning: Citation `TowAsh1983' on page 3 undefined on input line
 47.


Package natbib Warning: Citation `BusDie2010' on page 3 undefined on input line
 47.


Package natbib Warning: Citation `LewFar2010' on page 3 undefined on input line
 47.


Package natbib Warning: Citation `LeeWag2014' on page 3 undefined on input line
 47.


Package natbib Warning: Citation `CavMyu2013' on page 3 undefined on input line
 47.


Package natbib Warning: Citation `MacCre2004' on page 3 undefined on input line
 49.

Missing character: There is no ‚ in font cmr12!
Missing character: There is no Ä in font cmr12!
Missing character: There is no ú in font cmr12!
Missing character: There is no ‚ in font cmr12!
Missing character: There is no Ä in font cmr12!
Missing character: There is no ù in font cmr12!
Missing character: There is no ‚ in font cmr12!
Missing character: There is no Ä in font cmr12!
Missing character: There is no ú in font cmr12!
Missing character: There is no ‚ in font cmr12!
Missing character: There is no Ä in font cmr12!
Missing character: There is no ù in font cmr12!
Missing character: There is no ‚ in font cmr12!
Missing character: There is no Ä in font cmr12!
Missing character: There is no ú in font cmr12!
Missing character: There is no ‚ in font cmr12!
Missing character: There is no Ä in font cmr12!
Missing character: There is no ù in font cmr12!
Missing character: There is no ‚ in font cmr12!
Missing character: There is no Ä in font cmr12!
Missing character: There is no ú in font cmr12!
Missing character: There is no ‚ in font cmr12!
Missing character: There is no Ä in font cmr12!
Missing character: There is no ù in font cmr12!
Missing character: There is no ‚ in font cmr12!
Missing character: There is no Ä in font cmr12!
Missing character: There is no ú in font cmr12!
Missing character: There is no ‚ in font cmr12!
Missing character: There is no Ä in font cmr12!
Missing character: There is no ù in font cmr12!
[3]

Package natbib Warning: Citation `MacCre2004' on page 4 undefined on input line
 51.


Package natbib Warning: Citation `LeeWag2014' on page 4 undefined on input line
 51.

Missing character: There is no ‚ in font cmr12!
Missing character: There is no Ä in font cmr12!
Missing character: There is no ú in font cmr12!
Missing character: There is no ‚ in font cmr12!
Missing character: There is no Ä in font cmr12!
Missing character: There is no ù in font cmr12!
Missing character: There is no ‚ in font cmr12!
Missing character: There is no Ä in font cmr12!
Missing character: There is no ú in font cmr12!
Missing character: There is no ‚ in font cmr12!
Missing character: There is no Ä in font cmr12!
Missing character: There is no ù in font cmr12!
Missing character: There is no ‚ in font cmr12!
Missing character: There is no Ä in font cmr12!
Missing character: There is no ú in font cmr12!
Missing character: There is no ‚ in font cmr12!
Missing character: There is no Ä in font cmr12!
Missing character: There is no ù in font cmr12!
Missing character: There is no ‚ in font cmr12!
Missing character: There is no Ä in font cmr12!
Missing character: There is no ú in font cmr12!
Missing character: There is no ‚ in font cmr12!
Missing character: There is no Ä in font cmr12!
Missing character: There is no ù in font cmr12!
Missing character: There is no ‚ in font cmr12!
Missing character: There is no Ä in font cmr12!
Missing character: There is no ú in font cmr12!
Missing character: There is no ‚ in font cmr12!
Missing character: There is no Ä in font cmr12!
Missing character: There is no ù in font cmr12!
Missing character: There is no ‚ in font cmr12!
Missing character: There is no Ä in font cmr12!
Missing character: There is no ú in font cmr12!
Missing character: There is no ‚ in font cmr12!
Missing character: There is no Ä in font cmr12!
Missing character: There is no ù in font cmr12!
[4]
Missing character: There is no ‚ in font cmr12!
Missing character: There is no Ä in font cmr12!
Missing character: There is no ú in font cmr12!
Missing character: There is no ‚ in font cmr12!
Missing character: There is no Ä in font cmr12!
Missing character: There is no ù in font cmr12!
Missing character: There is no ‚ in font cmr12!
Missing character: There is no Ä in font cmr12!
Missing character: There is no ú in font cmr12!
Missing character: There is no ‚ in font cmr12!
Missing character: There is no Ä in font cmr12!
Missing character: There is no ù in font cmr12!
Missing character: There is no ‚ in font cmr12!
Missing character: There is no Ä in font cmr12!
Missing character: There is no ú in font cmr12!
Missing character: There is no ‚ in font cmr12!
Missing character: There is no Ä in font cmr12!
Missing character: There is no ù in font cmr12!
Missing character: There is no ‚ in font cmr12!
Missing character: There is no Ä in font cmr12!
Missing character: There is no ú in font cmr12!
Missing character: There is no ‚ in font cmr12!
Missing character: There is no Ä in font cmr12!
Missing character: There is no ù in font cmr12!
Missing character: There is no ‚ in font cmr12!
Missing character: There is no Ä in font cmr12!
Missing character: There is no ú in font cmr12!
Missing character: There is no ‚ in font cmr12!
Missing character: There is no Ä in font cmr12!
Missing character: There is no ù in font cmr12!
Missing character: There is no ‚ in font cmr12!
Missing character: There is no Ä in font cmr12!
Missing character: There is no ú in font cmr12!
Missing character: There is no ‚ in font cmr12!
Missing character: There is no Ä in font cmr12!
Missing character: There is no ù in font cmr12!


Package natbib Warning: Citation `Ber1997' on page 5 undefined on input line 93
.


Package natbib Warning: Citation `CasBer2002' on page 5 undefined on input line
 93.


Package natbib Warning: Citation `GelCar2013' on page 5 undefined on input line
 93.

[5]

Package natbib Warning: Citation `BusDie2010' on page 6 undefined on input line
 97.


Package natbib Warning: Citation `LewFar2010' on page 6 undefined on input line
 97.


Package natbib Warning: Citation `LeeWag2014' on page 6 undefined on input line
 97.


Package natbib Warning: Citation `Vic1979' on page 6 undefined on input line 99
.


Package natbib Warning: Citation `BogRaf2006' on page 6 undefined on input line
 99.


Package natbib Warning: Citation `Luc1986' on page 6 undefined on input line 99
.


Package natbib Warning: Citation `RatSmi2004' on page 6 undefined on input line
 99.


Package natbib Warning: Citation `RatMck2008' on page 6 undefined on input line
 99.


Package natbib Warning: Citation `Wag2009' on page 6 undefined on input line 99
.


Package natbib Warning: Citation `RatLov2012' on page 6 undefined on input line
 101.

Missing character: There is no ‚ in font cmr12!
Missing character: There is no Ä in font cmr12!
Missing character: There is no ú in font cmr12!
Missing character: There is no ‚ in font cmr12!
Missing character: There is no Ä in font cmr12!
Missing character: There is no ù in font cmr12!

Package natbib Warning: Citation `RatLov2012' on page 6 undefined on input line
 101.

[6]

Package natbib Warning: Citation `SmiRat2004' on page 7 undefined on input line
 103.


Package natbib Warning: Citation `RatSmi2004' on page 7 undefined on input line
 103.


Package natbib Warning: Citation `RatRou1998' on page 7 undefined on input line
 103.


Package natbib Warning: Citation `PerVan2002' on page 7 undefined on input line
 103.


Package natbib Warning: Citation `Luc1986' on page 7 undefined on input line 10
3.


Package natbib Warning: Citation `Sto1960' on page 7 undefined on input line 10
9.


Package natbib Warning: Citation `Rat1978' on page 7 undefined on input line 10
9.


Package natbib Warning: Citation `RatTue2002' on page 7 undefined on input line
 109.


Package natbib Warning: Citation `Smi1995' on page 7 undefined on input line 10
9.


Package natbib Warning: Citation `UshMcc2001' on page 7 undefined on input line
 109.


Package natbib Warning: Citation `BroHea2008' on page 7 undefined on input line
 109.


Package natbib Warning: Citation `RatChe2003' on page 7 undefined on input line
 109.


Package natbib Warning: Citation `RatHas2011' on page 7 undefined on input line
 109.


Package natbib Warning: Citation `SmiRat2004' on page 7 undefined on input line
 109.


Package natbib Warning: Citation `Bog2007' on page 7 undefined on input line 10
9.

[7]

Package natbib Warning: Citation `Sto1960' on page 8 undefined on input line 11
1.


Package natbib Warning: Citation `Edw1965' on page 8 undefined on input line 11
1.


Package natbib Warning: Citation `Pik1973' on page 8 undefined on input line 11
1.


Package natbib Warning: Citation `Rat1978' on page 8 undefined on input line 11
1.


Package natbib Warning: Citation `UshMcc2001' on page 8 undefined on input line
 111.


Package natbib Warning: Citation `RatSmi2004' on page 8 undefined on input line
 111.


Package natbib Warning: Citation `SmiRat2004' on page 8 undefined on input line
 111.


Package natbib Warning: Citation `RatMck2008' on page 8 undefined on input line
 111.


Package natbib Warning: Citation `Wag2009' on page 8 undefined on input line 11
1.


Package natbib Warning: Citation `Luc1986' on page 8 undefined on input line 11
1.


Package natbib Warning: Citation `TowAsh1983' on page 8 undefined on input line
 111.


Package natbib Warning: Citation `BogRaf2006' on page 8 undefined on input line
 111.


Package natbib Warning: Citation `BogWag2010' on page 8 undefined on input line
 111.


Package natbib Warning: Citation `RatSmi2004' on page 8 undefined on input line
 113.


Package natbib Warning: Citation `BogRaf2006' on page 8 undefined on input line
 113.


Package natbib Warning: Citation `TeoUsh2013' on page 8 undefined on input line
 113.


Package natbib Warning: Citation `Lam1968' on page 8 undefined on input line 11
5.


Package natbib Warning: Citation `Lab1962' on page 8 undefined on input line 11
5.


Package natbib Warning: Citation `Rat1978' on page 8 undefined on input line 11
5.


Package natbib Warning: Citation `RatTue2002' on page 8 undefined on input line
 115.

[8]
Missing character: There is no ‚ in font cmr12!
Missing character: There is no Ä in font cmr12!
Missing character: There is no ú in font cmr12!
Missing character: There is no ‚ in font cmr12!
Missing character: There is no Ä in font cmr12!
Missing character: There is no ù in font cmr12!
Missing character: There is no ‚ in font cmr12!
Missing character: There is no Ä in font cmr12!
Missing character: There is no ú in font cmr12!
Missing character: There is no ‚ in font cmr12!
Missing character: There is no Ä in font cmr12!
Missing character: There is no ù in font cmr12!
 [9] [10]

Package natbib Warning: Citation `SmiRat2009' on page 11 undefined on input lin
e 166.


Package natbib Warning: Citation `RatMck2008' on page 11 undefined on input lin
e 175.


Package natbib Warning: Citation `RatRou1998' on page 11 undefined on input lin
e 175.


Package natbib Warning: Citation `RatTue2002' on page 11 undefined on input lin
e 175.


Package natbib Warning: Citation `DayAbb2001' on page 11 undefined on input lin
e 175.

[11]

Package natbib Warning: Citation `RatTue2002' on page 12 undefined on input lin
e 187.


Package natbib Warning: Citation `Tue2004' on page 12 undefined on input line 1
87.


Package natbib Warning: Citation `VanTue2007' on page 12 undefined on input lin
e 187.


Package natbib Warning: Citation `VosVos2007' on page 12 undefined on input lin
e 187.


Package natbib Warning: Citation `Rat2013' on page 12 undefined on input line 1
87.


Package natbib Warning: Citation `RatMck2008' on page 12 undefined on input lin
e 187.


Package natbib Warning: Citation `Wag2009' on page 12 undefined on input line 1
87.


Package natbib Warning: Citation `Rat2002' on page 12 undefined on input line 1
99.


Package natbib Warning: Citation `RatMck2008' on page 12 undefined on input lin
e 199.


Package natbib Warning: Citation `Wag2009' on page 12 undefined on input line 1
99.

[12]

Package natbib Warning: Citation `KotBal2004' on page 13 undefined on input lin
e 208.


Package natbib Warning: Citation `Rat2013' on page 13 undefined on input line 2
14.

[13]

Package natbib Warning: Citation `Tue2004' on page 14 undefined on input line 2
27.


Package natbib Warning: Citation `VosVos2007' on page 14 undefined on input lin
e 229.


Package natbib Warning: Citation `RatTue2002' on page 14 undefined on input lin
e 229.


Package natbib Warning: Citation `VanTue2007' on page 14 undefined on input lin
e 229.


Package natbib Warning: Citation `VanTue2011' on page 14 undefined on input lin
e 229.

[14]

Package natbib Warning: Citation `CavMyu2013' on page 15 undefined on input lin
e 231.


Package natbib Warning: Citation `Skl1959' on page 15 undefined on input line 2
38.


Package natbib Warning: Citation `Joe1997' on page 15 undefined on input line 2
38.


Package natbib Warning: Citation `Nel2007' on page 15 undefined on input line 2
38.


Package natbib Warning: Citation `BerWoo2008' on page 15 undefined on input lin
e 238.


Package natbib Warning: Citation `Skl1959' on page 15 undefined on input line 2
38.

[15]
Overfull \hbox (7.38263pt too wide) in paragraph at lines 241--242
$\OML/cmm/m/it/12 F[]; F[]; [] ; F[]$\OT1/cmr/m/it/12 , then there ex-ists a un
ique cop-ula $\OML/cmm/m/it/12 C$ \OT1/cmr/m/it/12 such that $\OML/cmm/m/it/12 
F\OT1/cmr/m/n/12 (\OML/cmm/m/it/12 x[]; x[]; [] ; x[]\OT1/cmr/m/n/12 ) =$
 []

Missing character: There is no ‚ in font cmr12!
Missing character: There is no Ä in font cmr12!
Missing character: There is no ô in font cmr12!
Missing character: There is no ‚ in font cmr12!
Missing character: There is no Ä in font cmr12!
Missing character: There is no ô in font cmr12!
Missing character: There is no ‚ in font cmr12!
Missing character: There is no Ä in font cmr12!
Missing character: There is no ô in font cmr12!

! LaTeX Error: File `copulas' not found.

See the LaTeX manual or LaTeX Companion for explanation.
Type  H <return>  for immediate help.
 ...                                              
                                                  
l.247 ...udegraphics[width=0.9\textwidth]{copulas}
                                                  
I could not locate the file with any of these extensions:
.png,.pdf,.jpg,.mps,.jpeg,.jbig2,.jb2,.PNG,.PDF,.JPG,.JPEG,.JBIG2,.JB2
Try typing  <return>  to proceed.
If that doesn't work, type  X <return>  to quit.

Missing character: There is no ‚ in font cmr12!
Missing character: There is no Ä in font cmr12!
Missing character: There is no ô in font cmr12!
Missing character: There is no ‚ in font cmr12!
Missing character: There is no Ä in font cmr12!
Missing character: There is no ô in font cmr12!

Package natbib Warning: Citation `Joe1997' on page 16 undefined on input line 2
53.


Package natbib Warning: Citation `Nel2007' on page 16 undefined on input line 2
53.

\c@cors=\count172
[16]

Package natbib Warning: Citation `Joe1997' on page 17 undefined on input line 2
65.


Package natbib Warning: Citation `Nel2007' on page 17 undefined on input line 2
65.


Package natbib Warning: Citation `Joe1997' on page 17 undefined on input line 2
72.


Package natbib Warning: Citation `Nel2007' on page 17 undefined on input line 2
72.

Missing character: There is no ‚ in font cmr12!
Missing character: There is no Ä in font cmr12!
Missing character: There is no ô in font cmr12!

Package natbib Warning: Citation `JohKot1994' on page 17 undefined on input lin
e 274.


Package natbib Warning: Citation `JohKot1995' on page 17 undefined on input lin
e 274.

Missing character: There is no ‚ in font cmr12!
Missing character: There is no Ä in font cmr12!
Missing character: There is no ô in font cmr12!
Missing character: There is no ‚ in font cmr12!
Missing character: There is no Ä in font cmr12!
Missing character: There is no ô in font cmr12!
[17]

Package natbib Warning: Citation `Tue2004' on page 18 undefined on input line 2
80.


Package natbib Warning: Citation `RobCas2004' on page 18 undefined on input lin
e 280.


Package natbib Warning: Citation `GamLop2006' on page 18 undefined on input lin
e 280.

Missing character: There is no ‚ in font cmr12!
Missing character: There is no Ä in font cmr12!
Missing character: There is no ú in font cmr12!
Missing character: There is no ‚ in font cmr12!
Missing character: There is no Ä in font cmr12!
Missing character: There is no ù in font cmr12!

Package natbib Warning: Citation `Rte2012' on page 18 undefined on input line 2
82.


Package natbib Warning: Citation `HofKoj2013' on page 18 undefined on input lin
e 282.


Package natbib Warning: Citation `TueMar2001' on page 18 undefined on input lin
e 282.


Package natbib Warning: Citation `Ber1997' on page 18 undefined on input line 2
86.


Package natbib Warning: Citation `GelCar2013' on page 18 undefined on input lin
e 286.


Package natbib Warning: Citation `EdwLin1963' on page 18 undefined on input lin
e 286.


Package natbib Warning: Citation `MyuPit1997' on page 18 undefined on input lin
e 286.


Package natbib Warning: Citation `MyuKar2008' on page 18 undefined on input lin
e 286.


Package natbib Warning: Citation `PerVan2002' on page 18 undefined on input lin
e 286.


Package natbib Warning: Citation `RouLu2005' on page 18 undefined on input line
 286.


Package natbib Warning: Citation `RouLu22005' on page 18 undefined on input lin
e 286.


Package natbib Warning: Citation `CraPer2010' on page 18 undefined on input lin
e 286.


Package natbib Warning: Citation `VanTue2011' on page 18 undefined on input lin
e 286.

[18]

Package natbib Warning: Citation `GelCar2013' on page 19 undefined on input lin
e 288.


Package natbib Warning: Citation `JohKot1994' on page 19 undefined on input lin
e 292.


Package natbib Warning: Citation `JohKot1995' on page 19 undefined on input lin
e 292.


Package natbib Warning: Citation `Ber1997' on page 19 undefined on input line 2
94.


Package natbib Warning: Citation `GelCar2013' on page 19 undefined on input lin
e 294.


Package natbib Warning: Citation `RatMck2008' on page 19 undefined on input lin
e 294.


Package natbib Warning: Citation `Wag2009' on page 19 undefined on input line 2
94.


Package natbib Warning: Citation `RouLu2005' on page 19 undefined on input line
 294.


Package natbib Warning: Citation `RouLu22005' on page 19 undefined on input lin
e 294.


Package natbib Warning: Citation `RouMor2014' on page 19 undefined on input lin
e 294.

[19]

Package natbib Warning: Citation `Ber1997' on page 20 undefined on input line 3
13.


Package natbib Warning: Citation `CasBer2002' on page 20 undefined on input lin
e 313.


Package natbib Warning: Citation `GelCar2013' on page 20 undefined on input lin
e 313.


Package natbib Warning: Citation `RobCas2004' on page 20 undefined on input lin
e 315.


Package natbib Warning: Citation `GamLop2006' on page 20 undefined on input lin
e 315.


Package natbib Warning: Citation `GivHoe2012' on page 20 undefined on input lin
e 315.


Package natbib Warning: Citation `GelCar2013' on page 20 undefined on input lin
e 315.


Package natbib Warning: Citation `PerVan2002' on page 20 undefined on input lin
e 315.


Package natbib Warning: Citation `CraPer2010' on page 20 undefined on input lin
e 315.


Package natbib Warning: Citation `VanTue2011' on page 20 undefined on input lin
e 315.


Package natbib Warning: Citation `KarTay1975' on page 20 undefined on input lin
e 317.


Package natbib Warning: Citation `KarTay1981' on page 20 undefined on input lin
e 317.


Package natbib Warning: Citation `Ros2014' on page 20 undefined on input line 3
17.

[20]

Package natbib Warning: Citation `Ter2006' on page 21 undefined on input line 3
19.


Package natbib Warning: Citation `TurSed2013' on page 21 undefined on input lin
e 319.


Package natbib Warning: Citation `RobCas2004' on page 21 undefined on input lin
e 321.


Package natbib Warning: Citation `GamLop2006' on page 21 undefined on input lin
e 321.


Overfull \hbox (32.25806pt too wide) in paragraph at lines 347--348
[][] 
 []

[21]

Package natbib Warning: Citation `TurSed2013' on page 22 undefined on input lin
e 353.


Package natbib Warning: Citation `RatTue2002' on page 22 undefined on input lin
e 353.


Package natbib Warning: Citation `RobCas2004' on page 22 undefined on input lin
e 355.


Package natbib Warning: Citation `GamLop2006' on page 22 undefined on input lin
e 355.


Package natbib Warning: Citation `GelCar2013' on page 22 undefined on input lin
e 355.

[22]
Missing character: There is no ‚ in font cmr12!
Missing character: There is no Ä in font cmr12!
Missing character: There is no ô in font cmr12!


Package natbib Warning: Citation `RobCas2004' on page 23 undefined on input lin
e 367.


Package natbib Warning: Citation `GamLop2006' on page 23 undefined on input lin
e 367.


Overfull \hbox (32.25806pt too wide) in paragraph at lines 389--390
[][] 
 []

[23]

Package natbib Warning: Citation `GelRub1992' on page 24 undefined on input lin
e 393.


Package natbib Warning: Citation `BroGel1998' on page 24 undefined on input lin
e 393.

[24]

Package natbib Warning: Citation `MyuKar2008' on page 25 undefined on input lin
e 429.


Package natbib Warning: Citation `ShiLee2008' on page 25 undefined on input lin
e 429.


Package natbib Warning: Citation `VanMat2014' on page 25 undefined on input lin
e 429.


Package natbib Warning: Citation `GelHwa2013' on page 25 undefined on input lin
e 431.

Missing character: There is no ‚ in font cmr12!
Missing character: There is no Ä in font cmr12!
Missing character: There is no ô in font cmr12!
[25]

Package natbib Warning: Citation `SpiBes2002' on page 26 undefined on input lin
e 437.


Package natbib Warning: Citation `GelHwa2013' on page 26 undefined on input lin
e 447.


Package natbib Warning: Citation `Ano2007' on page 26 undefined on input line 4
54.


Package natbib Warning: Citation `Ano2011' on page 26 undefined on input line 4
54.


Package natbib Warning: Citation `Ano2011' on page 26 undefined on input line 4
60.


Package natbib Warning: Citation `RatMck2008' on page 26 undefined on input lin
e 460.


Package natbib Warning: Citation `Wag2009' on page 26 undefined on input line 4
60.


Package natbib Warning: Citation `VanTue2011' on page 26 undefined on input lin
e 460.

[26]

Package natbib Warning: Citation `GelGoe2000' on page 27 undefined on input lin
e 466.


Package natbib Warning: Citation `GelCar2013' on page 27 undefined on input lin
e 466.

Missing character: There is no ‚ in font cmr12!
Missing character: There is no Ä in font cmr12!
Missing character: There is no ô in font cmr12!
[27]
Missing character: There is no ‚ in font cmr12!
Missing character: There is no Ä in font cmr12!
Missing character: There is no ô in font cmr12!


Package natbib Warning: Citation `Joe1997' on page 28 undefined on input line 4
78.


Package natbib Warning: Citation `Nel2007' on page 28 undefined on input line 4
78.

[28]
Missing character: There is no ‚ in font cmr12!
Missing character: There is no Ä in font cmr12!
Missing character: There is no ô in font cmr12!
 [29]
Missing character: There is no ‚ in font cmr12!
Missing character: There is no Ä in font cmr12!
Missing character: There is no ô in font cmr12!


Package natbib Warning: Citation `Rat2013' on page 30 undefined on input line 5
15.


Package natbib Warning: Citation `MatWag2009' on page 30 undefined on input lin
e 517.

Missing character: There is no ‚ in font cmr12!
Missing character: There is no Ä in font cmr12!
Missing character: There is no ô in font cmr12!

Package natbib Warning: Citation `Nel2007' on page 30 undefined on input line 5
34.


Package natbib Warning: Citation `CasBer2002' on page 30 undefined on input lin
e 534.


Package natbib Warning: Citation `JohKot1994' on page 30 undefined on input lin
e 534.


Package natbib Warning: Citation `JohKot1995' on page 30 undefined on input lin
e 534.

Missing character: There is no ‚ in font cmr12!
Missing character: There is no Ä in font cmr12!
Missing character: There is no ô in font cmr12!
[30]
Missing character: There is no ‚ in font cmbx12!
Missing character: There is no Ä in font cmbx12!
Missing character: There is no ì in font cmbx12!


Package natbib Warning: Citation `MatWag2009' on page 31 undefined on input lin
e 543.


Package natbib Warning: Citation `MatWag2009' on page 31 undefined on input lin
e 543.

[31]
Missing character: There is no ‚ in font cmr12!
Missing character: There is no Ä in font cmr12!
Missing character: There is no ô in font cmr12!
Missing character: There is no ‚ in font cmr12!
Missing character: There is no Ä in font cmr12!
Missing character: There is no ô in font cmr12!


Package natbib Warning: Citation `Joe1997' on page 32 undefined on input line 5
66.


Package natbib Warning: Citation `Nel2007' on page 32 undefined on input line 5
66.

Missing character: There is no ‚ in font cmr12!
Missing character: There is no Ä in font cmr12!
Missing character: There is no ô in font cmr12!
[32]
Missing character: There is no ‚ in font cmbx12!
Missing character: There is no Ä in font cmbx12!
Missing character: There is no ì in font cmbx12!


Package natbib Warning: Citation `RobCas2004' on page 33 undefined on input lin
e 597.


Package natbib Warning: Citation `GamLop2006' on page 33 undefined on input lin
e 597.


Package natbib Warning: Citation `GelCar2013' on page 33 undefined on input lin
e 597.


Package natbib Warning: Citation `RatRou1998' on page 33 undefined on input lin
e 597.

[33]

Package natbib Warning: Citation `MatWag2009' on page 34 undefined on input lin
e 599.


Overfull \hbox (31.73448pt too wide) in paragraph at lines 604--615
 [][] 
 []


LaTeX Warning: Reference `tab:2' on page 34 undefined on input line 616.


Package natbib Warning: Citation `Luc1986' on page 34 undefined on input line 6
16.


Package natbib Warning: Citation `Wag2009' on page 34 undefined on input line 6
16.


Package natbib Warning: Citation `RouLu2005' on page 34 undefined on input line
 616.


Package natbib Warning: Citation `PerVan2002' on page 34 undefined on input lin
e 618.


Package natbib Warning: Citation `CraPer2010' on page 34 undefined on input lin
e 618.


Package natbib Warning: Citation `RobCas2004' on page 34 undefined on input lin
e 618.


Package natbib Warning: Citation `GamLop2006' on page 34 undefined on input lin
e 618.


Package natbib Warning: Citation `GelCar2013' on page 34 undefined on input lin
e 618.


Package natbib Warning: Citation `Ros2014' on page 34 undefined on input line 6
18.

[34]

Package natbib Warning: Citation `MatWag2009' on page 35 undefined on input lin
e 639.

[35]

Package natbib Warning: Citation `CasBer2002' on page 36 undefined on input lin
e 663.


Package natbib Warning: Citation `RatTue2002' on page 36 undefined on input lin
e 663.


Package natbib Warning: Citation `RouLu2005' on page 36 undefined on input line
 663.

Missing character: There is no ‚ in font cmbx12!
Missing character: There is no Ä in font cmbx12!
Missing character: There is no ì in font cmbx12!

Package natbib Warning: Citation `RatRou1998' on page 36 undefined on input lin
e 667.

Missing character: There is no ‚ in font cmr12!
Missing character: There is no Ä in font cmr12!
Missing character: There is no ú in font cmr12!
Missing character: There is no ‚ in font cmr12!
Missing character: There is no Ä in font cmr12!
Missing character: There is no ù in font cmr12!
Missing character: There is no ‚ in font cmr12!
Missing character: There is no Ä in font cmr12!
Missing character: There is no ú in font cmr12!
Missing character: There is no ‚ in font cmr12!
Missing character: There is no Ä in font cmr12!
Missing character: There is no ù in font cmr12!
[36]

Package natbib Warning: Citation `RatMck2008' on page 37 undefined on input lin
e 669.


Package natbib Warning: Citation `Rat1993' on page 37 undefined on input line 6
71.


Package natbib Warning: Citation `RatTue2002' on page 37 undefined on input lin
e 671.


Package natbib Warning: Citation `VanTue2007' on page 37 undefined on input lin
e 671.


Package natbib Warning: Citation `VanTue2008' on page 37 undefined on input lin
e 671.


Package natbib Warning: Citation `VanTue2011' on page 37 undefined on input lin
e 671.


Package natbib Warning: Citation `CraPer2010' on page 37 undefined on input lin
e 671.


Package natbib Warning: Citation `VosRot2004' on page 37 undefined on input lin
e 677.


Package natbib Warning: Citation `VanTue2008' on page 37 undefined on input lin
e 677.


Package natbib Warning: Citation `VanTue2011' on page 37 undefined on input lin
e 677.


Package natbib Warning: Citation `PerVan2002' on page 37 undefined on input lin
e 677.


Package natbib Warning: Citation `Rat2014' on page 37 undefined on input line 6
77.

[37]
Missing character: There is no ‚ in font cmr12!
Missing character: There is no Ä in font cmr12!
Missing character: There is no ú in font cmr12!
Missing character: There is no ‚ in font cmr12!
Missing character: There is no Ä in font cmr12!
Missing character: There is no ù in font cmr12!
Missing character: There is no ‚ in font cmr12!
Missing character: There is no Ä in font cmr12!
Missing character: There is no ú in font cmr12!
Missing character: There is no ‚ in font cmr12!
Missing character: There is no Ä in font cmr12!
Missing character: There is no ù in font cmr12!
 [38]

LaTeX Warning: Reference `eq:wd' on page 39 undefined on input line 704.


Package natbib Warning: Citation `LeeFus2007' on page 39 undefined on input lin
e 721.


Package natbib Warning: Citation `LeeWag2014' on page 39 undefined on input lin
e 721.

[39]
Overfull \hbox (4.6959pt too wide) in paragraph at lines 748--749
[]\OT1/cmr/m/n/12 The last struc-ture needed to com-plete con-struc-tion of hi-
er-ar-chi-cal Bayesian
 []

[40]

Package natbib Warning: Citation `MatWag2009' on page 41 undefined on input lin
e 770.

No file Slava_masters.bbl.

Package natbib Warning: There were undefined citations.

[41] (C:\Users\Liberte\Dropbox\Slava\Masters\latex_version\Slava_masters.aux)

LaTeX Warning: There were undefined references.


LaTeX Warning: Label(s) may have changed. Rerun to get cross-references right.

 ) 
Here is how much of TeX's memory you used:
 19217 strings out of 493921
 361943 string characters out of 3147276
 413201 words of memory out of 3000000
 22193 multiletter control sequences out of 15000+200000
 15212 words of font info for 57 fonts, out of 3000000 for 9000
 841 hyphenation exceptions out of 8191
 63i,15n,92p,10420b,346s stack positions out of 5000i,500n,10000p,200000b,50000s
<C:/Program Files/MiKTeX 2.9/fonts/type1/public/amsfonts/cm/cmbx12.pfb><C:/Pr
ogram Files/MiKTeX 2.9/fonts/type1/public/amsfonts/cm/cmex10.pfb><C:/Program Fi
les/MiKTeX 2.9/fonts/type1/public/amsfonts/cm/cmmi12.pfb><C:/Program Files/MiKT
eX 2.9/fonts/type1/public/amsfonts/cm/cmmi6.pfb><C:/Program Files/MiKTeX 2.9/fo
nts/type1/public/amsfonts/cm/cmmi8.pfb><C:/Program Files/MiKTeX 2.9/fonts/type1
/public/amsfonts/cm/cmmib10.pfb><C:/Program Files/MiKTeX 2.9/fonts/type1/public
/amsfonts/cmextra/cmmib8.pfb><C:/Program Files/MiKTeX 2.9/fonts/type1/public/am
sfonts/cm/cmr12.pfb><C:/Program Files/MiKTeX 2.9/fonts/type1/public/amsfonts/cm
/cmr17.pfb><C:/Program Files/MiKTeX 2.9/fonts/type1/public/amsfonts/cm/cmr6.pfb
><C:/Program Files/MiKTeX 2.9/fonts/type1/public/amsfonts/cm/cmr8.pfb><C:/Progr
am Files/MiKTeX 2.9/fonts/type1/public/amsfonts/cm/cmsy10.pfb><C:/Program Files
/MiKTeX 2.9/fonts/type1/public/amsfonts/cm/cmsy6.pfb><C:/Program Files/MiKTeX 2
.9/fonts/type1/public/amsfonts/cm/cmsy8.pfb><C:/Program Files/MiKTeX 2.9/fonts/
type1/public/amsfonts/cm/cmti12.pfb><C:/Program Files/MiKTeX 2.9/fonts/type1/pu
blic/amsfonts/symbols/msbm10.pfb>
Output written on Slava_masters.pdf (41 pages, 315111 bytes).
PDF statistics:
 202 PDF objects out of 1000 (max. 8388607)
 0 named destinations out of 1000 (max. 500000)
 13 words of extra memory for PDF output out of 10000 (max. 10000000)

